{
  "RSpec": {
    "coverage": {
      "/Users/karanmehta/2module/relational_rails/config/environment.rb": {
        "lines": [
          null,
          1,
          null,
          null,
          1
        ]
      },
      "/Users/karanmehta/2module/relational_rails/config/application.rb": {
        "lines": [
          1,
          null,
          1,
          null,
          1,
          1,
          1,
          1,
          1,
          1,
          1,
          1,
          1,
          null,
          null,
          null,
          null,
          1,
          null,
          1,
          1,
          null,
          1,
          null,
          null,
          null,
          null,
          null,
          null,
          null,
          1,
          null,
          null
        ]
      },
      "/Users/karanmehta/2module/relational_rails/config/boot.rb": {
        "lines": [
          1,
          null,
          1,
          1
        ]
      },
      "/Users/karanmehta/2module/relational_rails/config/environments/test.rb": {
        "lines": [
          1,
          null,
          null,
          null,
          null,
          null,
          null,
          1,
          null,
          null,
          null,
          null,
          1,
          null,
          null,
          1,
          1,
          null,
          null,
          null,
          null,
          1,
          1,
          null,
          null,
          1,
          null,
          null,
          1,
          null,
          null,
          1,
          null,
          1,
          null,
          null,
          null,
          null,
          1,
          null,
          null,
          1,
          null,
          null,
          null,
          null
        ]
      },
      "/Users/karanmehta/2module/relational_rails/config/initializers/application_controller_renderer.rb": {
        "lines": [
          null,
          null,
          null,
          null,
          null,
          null,
          null,
          null
        ]
      },
      "/Users/karanmehta/2module/relational_rails/config/initializers/assets.rb": {
        "lines": [
          null,
          null,
          null,
          1,
          null,
          null,
          null,
          null,
          1,
          null,
          null,
          null,
          null,
          null
        ]
      },
      "/Users/karanmehta/2module/relational_rails/config/initializers/backtrace_silencers.rb": {
        "lines": [
          null,
          null,
          null,
          null,
          null,
          null,
          null
        ]
      },
      "/Users/karanmehta/2module/relational_rails/config/initializers/content_security_policy.rb": {
        "lines": [
          null,
          null,
          null,
          null,
          null,
          null,
          null,
          null,
          null,
          null,
          null,
          null,
          null,
          null,
          null,
          null,
          null,
          null,
          null,
          null,
          null,
          null,
          null,
          null,
          null
        ]
      },
      "/Users/karanmehta/2module/relational_rails/config/initializers/cookies_serializer.rb": {
        "lines": [
          null,
          null,
          null,
          null,
          1
        ]
      },
      "/Users/karanmehta/2module/relational_rails/config/initializers/filter_parameter_logging.rb": {
        "lines": [
          null,
          null,
          null,
          1
        ]
      },
      "/Users/karanmehta/2module/relational_rails/config/initializers/inflections.rb": {
        "lines": [
          null,
          null,
          null,
          null,
          null,
          null,
          null,
          null,
          null,
          null,
          null,
          null,
          null,
          null,
          null,
          null
        ]
      },
      "/Users/karanmehta/2module/relational_rails/config/initializers/mime_types.rb": {
        "lines": [
          null,
          null,
          null,
          null
        ]
      },
      "/Users/karanmehta/2module/relational_rails/config/initializers/wrap_parameters.rb": {
        "lines": [
          null,
          null,
          null,
          null,
          null,
          null,
          1,
          2,
          null,
          null,
          null,
          null,
          null,
          null
        ]
      },
      "/Users/karanmehta/2module/relational_rails/config/routes.rb": {
        "lines": [
          1,
          null,
          1,
          null,
          1,
          1,
          1,
          1,
          1,
          1,
          1,
          null,
          1,
          1,
          1,
          1,
          1,
          1,
          1,
          null,
          1,
          1,
          1,
          1,
          1,
          1,
          1,
          null,
          1,
          1,
          1,
          1,
          1,
          1,
          1,
          null,
          1,
          null,
          1,
          null
        ]
      },
      "/Users/karanmehta/2module/relational_rails/app/helpers/application_helper.rb": {
        "lines": [
          1,
          null
        ]
      },
      "/Users/karanmehta/2module/relational_rails/spec/features/animals/edit_spec.rb": {
        "lines": [
          1,
          null,
          1,
          1,
          1,
          1,
          1,
          null,
          1,
          null,
          1,
          null,
          1,
          null,
          1,
          null,
          1,
          1,
          1,
          null,
          1,
          null,
          1,
          1,
          1,
          null,
          null,
          null,
          1,
          1,
          1,
          1,
          null,
          1,
          null,
          1,
          null,
          1,
          null,
          1,
          null,
          null,
          null,
          1,
          1,
          1,
          1,
          null,
          1,
          null,
          1,
          null,
          1,
          null,
          1,
          null,
          null,
          null
        ]
      },
      "/Users/karanmehta/2module/relational_rails/spec/features/animals/index_spec.rb": {
        "lines": [
          1,
          null,
          1,
          1,
          1,
          1,
          1,
          1,
          null,
          1,
          1,
          1,
          1,
          1,
          null,
          null,
          null,
          1,
          1,
          1,
          null,
          1,
          null,
          1,
          null,
          1,
          null,
          1,
          null,
          1,
          null,
          1,
          null,
          1,
          null,
          1,
          null,
          1,
          null,
          1,
          null,
          1,
          null,
          null,
          null
        ]
      },
      "/Users/karanmehta/2module/relational_rails/spec/features/animals/new_spec.rb": {
        "lines": [
          1,
          null,
          1,
          1,
          1,
          1,
          null,
          1,
          null,
          1,
          null,
          1,
          null,
          1,
          1,
          null,
          1,
          1,
          1,
          null,
          1,
          null,
          1,
          1,
          null,
          null,
          null
        ]
      },
      "/Users/karanmehta/2module/relational_rails/spec/features/animals/show_spec.rb": {
        "lines": [
          1,
          null,
          1,
          1,
          1,
          1,
          1,
          1,
          null,
          1,
          1,
          1,
          null,
          null,
          null
        ]
      },
      "/Users/karanmehta/2module/relational_rails/spec/features/guests/destroy_spec.rb": {
        "lines": [
          1,
          null,
          1,
          1,
          1,
          1,
          1,
          null,
          1,
          1,
          1,
          1,
          1,
          null,
          null,
          null,
          1,
          1,
          1,
          1,
          null,
          1,
          null,
          1,
          null,
          null,
          null
        ]
      },
      "/Users/karanmehta/2module/relational_rails/spec/features/guests/edit_spec.rb": {
        "lines": [
          1,
          null,
          1,
          1,
          1,
          1,
          1,
          null,
          1,
          null,
          1,
          null,
          1,
          null,
          1,
          null,
          1,
          1,
          1,
          null,
          1,
          null,
          1,
          1,
          1,
          null,
          null,
          null,
          1,
          1,
          1,
          1,
          null,
          1,
          null,
          1,
          null,
          1,
          null,
          1,
          null,
          null,
          null,
          1,
          1,
          1,
          1,
          null,
          1,
          null,
          1,
          null,
          1,
          null,
          1,
          null,
          null,
          null
        ]
      },
      "/Users/karanmehta/2module/relational_rails/spec/features/guests/index_spec.rb": {
        "lines": [
          1,
          null,
          1,
          1,
          1,
          1,
          1,
          1,
          null,
          1,
          1,
          1,
          1,
          1,
          null,
          null,
          null,
          1,
          1,
          1,
          null,
          1,
          null,
          1,
          null,
          1,
          null,
          1,
          null,
          1,
          null,
          1,
          null,
          1,
          null,
          1,
          null,
          1,
          null,
          1,
          null,
          1,
          null,
          null,
          null
        ]
      },
      "/Users/karanmehta/2module/relational_rails/spec/features/guests/new_spec.rb": {
        "lines": [
          1,
          null,
          1,
          1,
          1,
          1,
          null,
          1,
          null,
          1,
          null,
          1,
          null,
          1,
          1,
          null,
          1,
          1,
          1,
          null,
          1,
          null,
          1,
          1,
          null,
          null,
          null
        ]
      },
      "/Users/karanmehta/2module/relational_rails/spec/features/guests/show_spec.rb": {
        "lines": [
          1,
          null,
          1,
          1,
          1,
          1,
          1,
          1,
          null,
          1,
          1,
          1,
          null,
          null,
          null
        ]
      },
      "/Users/karanmehta/2module/relational_rails/spec/features/hotel_guests/index_spec.rb": {
        "lines": [
          1,
          null,
          1,
          1,
          1,
          1,
          1,
          1,
          1,
          null,
          1,
          1,
          1,
          1,
          1,
          1,
          1,
          1,
          1,
          1,
          null,
          null,
          null,
          1,
          1,
          1,
          1,
          1,
          null,
          1,
          null,
          1,
          1,
          null,
          null,
          null,
          1,
          1,
          1,
          1,
          1,
          null,
          1,
          1,
          null,
          1,
          null,
          null,
          null
        ]
      },
      "/Users/karanmehta/2module/relational_rails/spec/features/hotels/destroy_spec.rb": {
        "lines": [
          1,
          null,
          1,
          1,
          1,
          1,
          1,
          1,
          null,
          1,
          1,
          1,
          1,
          1,
          null,
          1,
          1,
          1,
          null,
          null,
          null,
          1,
          1,
          1,
          1,
          1,
          null,
          1,
          null,
          1,
          null,
          null,
          null
        ]
      },
      "/Users/karanmehta/2module/relational_rails/spec/features/hotels/edit_spec.rb": {
        "lines": [
          1,
          null,
          1,
          1,
          1,
          1,
          null,
          1,
          null,
          1,
          null,
          1,
          null,
          1,
          1,
          1,
          null,
          null,
          1,
          null,
          1,
          1,
          null,
          null,
          null
        ]
      },
      "/Users/karanmehta/2module/relational_rails/spec/features/hotels/index_spec.rb": {
        "lines": [
          1,
          null,
          null,
          null,
          null,
          1,
          1,
          1,
          1,
          1,
          1,
          null,
          1,
          1,
          1,
          1,
          null,
          null,
          null,
          1,
          1,
          1,
          1,
          1,
          null,
          1,
          null,
          1,
          null,
          null,
          1,
          1,
          1,
          1,
          1,
          null,
          1,
          null,
          1,
          1,
          1,
          1,
          null,
          null,
          null,
          1,
          1,
          1,
          null,
          1,
          null,
          1,
          null,
          1,
          null,
          1,
          1,
          null,
          1,
          null,
          1,
          null,
          1,
          null,
          1,
          null,
          1,
          null,
          1,
          null,
          1,
          null,
          null,
          null
        ]
      },
      "/Users/karanmehta/2module/relational_rails/spec/features/hotels/new_spec.rb": {
        "lines": [
          1,
          null,
          1,
          1,
          1,
          1,
          null,
          1,
          null,
          1,
          null,
          1,
          1,
          1,
          null,
          1,
          null,
          1,
          1,
          null,
          null,
          null
        ]
      },
      "/Users/karanmehta/2module/relational_rails/spec/features/hotels/show_spec.rb": {
        "lines": [
          1,
          null,
          1,
          1,
          1,
          1,
          1,
          null,
          1,
          1,
          1,
          1,
          1,
          null,
          null,
          1,
          1,
          1,
          1,
          1,
          null,
          1,
          null,
          1,
          null,
          null,
          1,
          1,
          1,
          1,
          1,
          null,
          1,
          null,
          1,
          1,
          null,
          1,
          null,
          null,
          null,
          null
        ]
      },
      "/Users/karanmehta/2module/relational_rails/spec/features/zoo_animals/index_spec.rb": {
        "lines": [
          1,
          null,
          1,
          1,
          1,
          1,
          1,
          1,
          1,
          null,
          1,
          1,
          1,
          1,
          1,
          1,
          1,
          1,
          1,
          1,
          null,
          null,
          null,
          1,
          1,
          1,
          1,
          1,
          null,
          1,
          null,
          1,
          1,
          null,
          null,
          null,
          1,
          1,
          1,
          1,
          1,
          null,
          1,
          1,
          null,
          1,
          null,
          null,
          null
        ]
      },
      "/Users/karanmehta/2module/relational_rails/spec/features/zoos/destroy_spec.rb": {
        "lines": [
          1,
          null,
          1,
          1,
          1,
          1,
          1,
          1,
          null,
          1,
          1,
          1,
          1,
          1,
          null,
          1,
          1,
          1,
          null,
          null,
          null,
          1,
          1,
          1,
          1,
          1,
          null,
          1,
          null,
          1,
          null,
          null,
          null
        ]
      },
      "/Users/karanmehta/2module/relational_rails/spec/features/zoos/edit_spec.rb": {
        "lines": [
          1,
          null,
          1,
          1,
          1,
          1,
          null,
          1,
          null,
          1,
          null,
          1,
          null,
          1,
          null,
          null,
          null
        ]
      },
      "/Users/karanmehta/2module/relational_rails/spec/features/zoos/index_spec.rb": {
        "lines": [
          1,
          null,
          1,
          1,
          1,
          1,
          1,
          1,
          null,
          1,
          1,
          1,
          1,
          null,
          null,
          1,
          1,
          1,
          1,
          1,
          null,
          1,
          null,
          1,
          null,
          null,
          1,
          1,
          1,
          1,
          1,
          null,
          1,
          null,
          1,
          1,
          1,
          1,
          null,
          null,
          null,
          null,
          1,
          1,
          1,
          null,
          1,
          null,
          1,
          null,
          1,
          null,
          1,
          1,
          null,
          1,
          null,
          1,
          null,
          1,
          null,
          1,
          null,
          1,
          null,
          1,
          null,
          1,
          null,
          null,
          null
        ]
      },
      "/Users/karanmehta/2module/relational_rails/spec/features/zoos/new_spec.rb": {
        "lines": [
          1,
          null,
          1,
          1,
          null,
          1,
          1,
          null,
          1,
          null,
          1,
          null,
          1,
          1,
          1,
          null,
          1,
          null,
          1,
          1,
          null,
          null,
          null
        ]
      },
      "/Users/karanmehta/2module/relational_rails/spec/features/zoos/show_spec.rb": {
        "lines": [
          1,
          1,
          1,
          1,
          1,
          1,
          null,
          1,
          1,
          1,
          1,
          1,
          null,
          null,
          1,
          1,
          1,
          1,
          1,
          null,
          1,
          null,
          1,
          null,
          null,
          1,
          1,
          1,
          1,
          1,
          null,
          1,
          null,
          1,
          1,
          null,
          1,
          null,
          null,
          null
        ]
      },
      "/Users/karanmehta/2module/relational_rails/spec/models/animal_spec.rb": {
        "lines": [
          1,
          null,
          1,
          2,
          null,
          1,
          1,
          1,
          1,
          1,
          null,
          1,
          null,
          1,
          1,
          null,
          null,
          null
        ]
      },
      "/Users/karanmehta/2module/relational_rails/app/models/animal.rb": {
        "lines": [
          1,
          1,
          null,
          1,
          9,
          null,
          null
        ]
      },
      "/Users/karanmehta/2module/relational_rails/app/models/application_record.rb": {
        "lines": [
          1,
          1,
          null
        ]
      },
      "/Users/karanmehta/2module/relational_rails/spec/models/guest_spec.rb": {
        "lines": [
          1,
          null,
          1,
          2,
          null,
          1,
          1,
          1,
          1,
          1,
          null,
          1,
          null,
          1,
          1,
          null,
          null,
          null
        ]
      },
      "/Users/karanmehta/2module/relational_rails/app/models/guest.rb": {
        "lines": [
          1,
          1,
          null,
          1,
          9,
          null,
          null
        ]
      },
      "/Users/karanmehta/2module/relational_rails/spec/models/hotel_spec.rb": {
        "lines": [
          1,
          null,
          1,
          2,
          null,
          1,
          1,
          1,
          1,
          1,
          1,
          null,
          1,
          null,
          1,
          null,
          1,
          null,
          null,
          null,
          1,
          1,
          1,
          1,
          1,
          null,
          1,
          null,
          null,
          null
        ]
      },
      "/Users/karanmehta/2module/relational_rails/app/models/hotel.rb": {
        "lines": [
          1,
          1,
          null,
          1,
          12,
          null,
          null,
          1,
          1,
          null,
          null,
          1,
          2,
          null,
          null
        ]
      },
      "/Users/karanmehta/2module/relational_rails/spec/models/zoo_spec.rb": {
        "lines": [
          1,
          null,
          1,
          2,
          null,
          1,
          1,
          1,
          1,
          1,
          1,
          null,
          1,
          null,
          1,
          null,
          1,
          null,
          null,
          null,
          1,
          1,
          1,
          1,
          1,
          null,
          1,
          null,
          null,
          null
        ]
      },
      "/Users/karanmehta/2module/relational_rails/app/models/zoo.rb": {
        "lines": [
          1,
          1,
          null,
          1,
          13,
          null,
          null,
          1,
          1,
          null,
          null,
          1,
          2,
          null,
          null
        ]
      },
      "/Users/karanmehta/2module/relational_rails/app/controllers/animals_controller.rb": {
        "lines": [
          1,
          1,
          9,
          null,
          null,
          1,
          5,
          null,
          null,
          1,
          1,
          null,
          null,
          1,
          1,
          1,
          null,
          null,
          null,
          null,
          null,
          null,
          null,
          1,
          null,
          1,
          null,
          null,
          1,
          3,
          null,
          null,
          1,
          1,
          1,
          null,
          null,
          null,
          null,
          null,
          1,
          null,
          1,
          null,
          null,
          1,
          1,
          null,
          1,
          null,
          null
        ]
      },
      "/Users/karanmehta/2module/relational_rails/app/controllers/application_controller.rb": {
        "lines": [
          1,
          null
        ]
      },
      "/Users/karanmehta/2module/relational_rails/app/controllers/zoo_animals_controller.rb": {
        "lines": [
          1,
          1,
          9,
          9,
          0,
          9,
          0,
          null,
          9,
          null,
          null,
          null
        ]
      },
      "/Users/karanmehta/2module/relational_rails/app/controllers/zoos_controller.rb": {
        "lines": [
          1,
          1,
          12,
          null,
          null,
          1,
          null,
          null,
          1,
          6,
          null,
          null,
          1,
          1,
          null,
          null,
          null,
          null,
          null,
          null,
          null,
          1,
          null,
          1,
          null,
          null,
          1,
          1,
          null,
          null,
          1,
          0,
          0,
          null,
          null,
          null,
          null,
          null,
          0,
          null,
          0,
          null,
          null,
          1,
          1,
          null,
          1,
          1,
          null,
          1,
          null,
          null
        ]
      },
      "/Users/karanmehta/2module/relational_rails/app/controllers/guests_controller.rb": {
        "lines": [
          1,
          1,
          9,
          null,
          null,
          1,
          3,
          null,
          null,
          1,
          1,
          null,
          null,
          1,
          1,
          1,
          null,
          null,
          null,
          null,
          null,
          null,
          null,
          1,
          null,
          1,
          null,
          null,
          1,
          3,
          null,
          null,
          1,
          1,
          1,
          null,
          null,
          null,
          null,
          null,
          1,
          null,
          1,
          null,
          null,
          1,
          1,
          null,
          1,
          null,
          null
        ]
      },
      "/Users/karanmehta/2module/relational_rails/app/controllers/hotel_guests_controller.rb": {
        "lines": [
          1,
          1,
          9,
          9,
          0,
          9,
          0,
          null,
          9,
          null,
          null,
          null
        ]
      },
      "/Users/karanmehta/2module/relational_rails/app/controllers/hotels_controller.rb": {
        "lines": [
          1,
          1,
          11,
          null,
          null,
          1,
          null,
          null,
          1,
          8,
          null,
          null,
          1,
          1,
          null,
          null,
          null,
          null,
          null,
          null,
          null,
          1,
          null,
          1,
          null,
          null,
          1,
          1,
          null,
          null,
          1,
          1,
          1,
          null,
          null,
          null,
          null,
          null,
          1,
          null,
          1,
          null,
          null,
          1,
          1,
          null,
          1,
          1,
          null,
          1,
          null,
          null
        ]
      }
    },
    "timestamp": 1634681610
  }
}
